<?xml version="1.0" encoding="UTF-8"?>
<robot generator="Robot 7.2.2 (Python 3.13.2 on win32)" generated="2025-03-30T12:12:53.423822" rpa="false" schemaversion="5">
<suite id="s1" name="Login Page" source="C:\Users\Meow\Desktop\Future skill assignment\testcases\login_page.robot">
<test id="s1-t1" name="Open Browser testing" line="9">
<kw name="Open Browser" owner="SeleniumLibrary">
<msg time="2025-03-30T12:12:53.645863" level="INFO">Opening browser 'gc' to base url 'https://app.futureskill.co/'.</msg>
<arg>${baseUrl}</arg>
<arg>gc</arg>
<doc>Opens a new browser instance to the optional ``url``.</doc>
<status status="PASS" start="2025-03-30T12:12:53.645589" elapsed="2.179480"/>
</kw>
<status status="PASS" start="2025-03-30T12:12:53.644898" elapsed="2.180810"/>
</test>
<test id="s1-t2" name="Register page testing" line="13">
<kw name="Click register button on login page" owner="login_page">
<kw name="Wait Until Element Is Visible" owner="SeleniumLibrary">
<arg>xpath=//h6[text()="คลิกเพื่อสมัครสมาชิก"]</arg>
<doc>Waits until the element ``locator`` is visible.</doc>
<status status="PASS" start="2025-03-30T12:12:55.827679" elapsed="0.123564"/>
</kw>
<kw name="Click Element" owner="SeleniumLibrary">
<msg time="2025-03-30T12:12:55.951730" level="INFO">Clicking element 'xpath=//h6[text()="คลิกเพื่อสมัครสมาชิก"]'.</msg>
<arg>xpath=//h6[text()="คลิกเพื่อสมัครสมาชิก"]</arg>
<doc>Click the element identified by ``locator``.</doc>
<status status="PASS" start="2025-03-30T12:12:55.951551" elapsed="0.063316"/>
</kw>
<status status="PASS" start="2025-03-30T12:12:55.827268" elapsed="0.187748"/>
</kw>
<status status="PASS" start="2025-03-30T12:12:55.826742" elapsed="0.188590"/>
</test>
<test id="s1-t3" name="Input form data from regsiter page" line="16">
<kw name="Input form data from register screen" owner="login_page">
<kw name="Wait Until Element Is Visible" owner="SeleniumLibrary">
<arg>xpath=//input[@name="email"]</arg>
<doc>Waits until the element ``locator`` is visible.</doc>
<status status="PASS" start="2025-03-30T12:12:56.016951" elapsed="0.014945"/>
</kw>
<kw name="Input Text" owner="SeleniumLibrary">
<msg time="2025-03-30T12:12:56.032523" level="INFO">Typing text 'NuneeKheemeow@gmail.com' into text field 'xpath=//input[@name="email"]'.</msg>
<arg>xpath=//input[@name="email"]</arg>
<arg>${Email}</arg>
<doc>Types the given ``text`` into the text field identified by ``locator``.</doc>
<status status="PASS" start="2025-03-30T12:12:56.032204" elapsed="0.108554"/>
</kw>
<kw name="Wait Until Element Is Visible" owner="SeleniumLibrary">
<arg>xpath=//input[@name="firstName"]</arg>
<doc>Waits until the element ``locator`` is visible.</doc>
<status status="PASS" start="2025-03-30T12:12:56.140926" elapsed="0.071243"/>
</kw>
<kw name="Input Text" owner="SeleniumLibrary">
<msg time="2025-03-30T12:12:56.212632" level="INFO">Typing text 'Anussara' into text field 'xpath=//input[@name="firstName"]'.</msg>
<arg>xpath=//input[@name="firstName"]</arg>
<arg>${firstName}</arg>
<doc>Types the given ``text`` into the text field identified by ``locator``.</doc>
<status status="PASS" start="2025-03-30T12:12:56.212390" elapsed="0.309942"/>
</kw>
<kw name="Wait Until Element Is Visible" owner="SeleniumLibrary">
<arg>xpath=//input[@name="lastName"]</arg>
<doc>Waits until the element ``locator`` is visible.</doc>
<status status="PASS" start="2025-03-30T12:12:56.522501" elapsed="0.049822"/>
</kw>
<kw name="Input Text" owner="SeleniumLibrary">
<msg time="2025-03-30T12:12:56.572690" level="INFO">Typing text 'OOOOOOmanee' into text field 'xpath=//input[@name="lastName"]'.</msg>
<arg>xpath=//input[@name="lastName"]</arg>
<arg>${lastName}</arg>
<doc>Types the given ``text`` into the text field identified by ``locator``.</doc>
<status status="PASS" start="2025-03-30T12:12:56.572482" elapsed="0.050993"/>
</kw>
<kw name="Wait Until Element Is Visible" owner="SeleniumLibrary">
<arg>xpath=//input[@name="phoneNumber"]</arg>
<doc>Waits until the element ``locator`` is visible.</doc>
<status status="PASS" start="2025-03-30T12:12:56.623650" elapsed="0.012049"/>
</kw>
<kw name="Input Text" owner="SeleniumLibrary">
<msg time="2025-03-30T12:12:56.636091" level="INFO">Typing text '0969609568' into text field 'xpath=//input[@name="phoneNumber"]'.</msg>
<arg>xpath=//input[@name="phoneNumber"]</arg>
<arg>${PhoneNumber}</arg>
<doc>Types the given ``text`` into the text field identified by ``locator``.</doc>
<status status="PASS" start="2025-03-30T12:12:56.635865" elapsed="0.083532"/>
</kw>
<kw name="Wait Until Element Is Visible" owner="SeleniumLibrary">
<arg>xpath=//input[@name="newPassword"]</arg>
<doc>Waits until the element ``locator`` is visible.</doc>
<status status="PASS" start="2025-03-30T12:12:56.719579" elapsed="0.012123"/>
</kw>
<kw name="Input Text" owner="SeleniumLibrary">
<msg time="2025-03-30T12:12:56.732090" level="INFO">Typing text 'Thungthong@13' into text field 'xpath=//input[@name="newPassword"]'.</msg>
<arg>xpath=//input[@name="newPassword"]</arg>
<arg>${Password}</arg>
<doc>Types the given ``text`` into the text field identified by ``locator``.</doc>
<status status="PASS" start="2025-03-30T12:12:56.731869" elapsed="0.087527"/>
</kw>
<kw name="Wait Until Element Is Visible" owner="SeleniumLibrary">
<arg>xpath=//input[@name="confirmPassword"]</arg>
<doc>Waits until the element ``locator`` is visible.</doc>
<status status="PASS" start="2025-03-30T12:12:56.819565" elapsed="0.011462"/>
</kw>
<kw name="Input Text" owner="SeleniumLibrary">
<msg time="2025-03-30T12:12:56.831387" level="INFO">Typing text 'Thungthong@13' into text field 'xpath=//input[@name="confirmPassword"]'.</msg>
<arg>xpath=//input[@name="confirmPassword"]</arg>
<arg>${ConfirmPassword}</arg>
<doc>Types the given ``text`` into the text field identified by ``locator``.</doc>
<status status="PASS" start="2025-03-30T12:12:56.831182" elapsed="0.050082"/>
</kw>
<kw name="Wait Until Element Is Visible" owner="SeleniumLibrary">
<arg>xpath=//input[@name="consent" and @type="checkbox"]</arg>
<doc>Waits until the element ``locator`` is visible.</doc>
<status status="PASS" start="2025-03-30T12:12:56.881436" elapsed="0.010538"/>
</kw>
<kw name="Click Element" owner="SeleniumLibrary">
<msg time="2025-03-30T12:12:56.892297" level="INFO">Clicking element 'xpath=//input[@name="consent" and @type="checkbox"]'.</msg>
<arg>xpath=//input[@name="consent" and @type="checkbox"]</arg>
<doc>Click the element identified by ``locator``.</doc>
<status status="PASS" start="2025-03-30T12:12:56.892131" elapsed="0.039792"/>
</kw>
<kw name="Wait Until Element Is Visible" owner="SeleniumLibrary">
<arg>xpath=//button[text()="สมัครสมาชิก"]</arg>
<doc>Waits until the element ``locator`` is visible.</doc>
<status status="PASS" start="2025-03-30T12:12:56.932088" elapsed="0.011722"/>
</kw>
<kw name="Click Element" owner="SeleniumLibrary">
<msg time="2025-03-30T12:12:56.944152" level="INFO">Clicking element 'xpath=//button[text()="สมัครสมาชิก"]'.</msg>
<arg>xpath=//button[text()="สมัครสมาชิก"]</arg>
<doc>Click the element identified by ``locator``.</doc>
<status status="PASS" start="2025-03-30T12:12:56.943978" elapsed="0.068584"/>
</kw>
<status status="PASS" start="2025-03-30T12:12:56.016666" elapsed="0.996080"/>
</kw>
<kw name="Sleep" owner="BuiltIn">
<msg time="2025-03-30T12:13:02.013472" level="INFO">Slept 5 seconds.</msg>
<arg>5</arg>
<doc>Pauses the test executed for the given time.</doc>
<status status="PASS" start="2025-03-30T12:12:57.013049" elapsed="5.000521"/>
</kw>
<kw name="Close Browser" owner="SeleniumLibrary">
<doc>Closes the current browser.</doc>
<status status="PASS" start="2025-03-30T12:13:02.013907" elapsed="2.077241"/>
</kw>
<status status="PASS" start="2025-03-30T12:12:56.016090" elapsed="8.075364"/>
</test>
<status status="PASS" start="2025-03-30T12:12:53.424957" elapsed="10.667597"/>
</suite>
<statistics>
<total>
<stat pass="3" fail="0" skip="0">All Tests</stat>
</total>
<tag>
</tag>
<suite>
<stat name="Login Page" id="s1" pass="3" fail="0" skip="0">Login Page</stat>
</suite>
</statistics>
<errors>
</errors>
</robot>
